[2026-01-26T19:12:32.833Z] [INFO] Starting PubMed processing...
[2026-01-26T19:12:32.837Z] [INFO] Starting PubMed search: aging mitochondria
[2026-01-26T19:12:32.838Z] [INFO] Progress: 5% - Searching PubMed...
[2026-01-26T19:12:33.799Z] [INFO] Found 18655 papers, fetching 5
[2026-01-26T19:12:33.800Z] [INFO] Progress: 10% - Found 18655 papers
[2026-01-26T19:12:33.801Z] [INFO] Cache: 1 papers (0 with full text)
[2026-01-26T19:12:34.497Z] [INFO] Progress: 15% - Fetched paper 1/5
[2026-01-26T19:12:39.538Z] [INFO] Progress: 20% - Fetched paper 2/5
[2026-01-26T19:12:44.346Z] [INFO] Progress: 25% - Fetched paper 3/5
[2026-01-26T19:12:45.047Z] [INFO] Progress: 30% - Fetched paper 4/5
[2026-01-26T19:12:46.037Z] [INFO] Progress: 35% - Fetched paper 5/5
[2026-01-26T19:12:46.038Z] [INFO] Fetched 5 papers (0 with full text)
[2026-01-26T19:12:46.039Z] [INFO] Progress: 35% - Processing papers...
[2026-01-26T19:12:55.300Z] [INFO] Progress: 35% - Extracted from 1/5 papers (0 with full text)
[2026-01-26T19:13:01.220Z] [INFO] Progress: 45% - Extracted from 2/5 papers (0 with full text)
[2026-01-26T19:13:19.547Z] [INFO] Progress: 55% - Extracted from 3/5 papers (0 with full text)
[2026-01-26T19:13:29.938Z] [INFO] Progress: 65% - Extracted from 4/5 papers (0 with full text)
[2026-01-26T19:13:31.136Z] [INFO] Progress: 75% - Extracted from 5/5 papers (0 with full text)
[2026-01-26T19:13:31.142Z] [INFO] Extracted 11 new connections
[2026-01-26T19:13:31.145Z] [INFO] Progress: 80% - Ranking connections...
[2026-01-26T19:13:31.148Z] [INFO] Now have 11 total connections
[2026-01-26T19:13:31.152Z] [INFO] Progress: 90% - Building knowledge graph...
[2026-01-26T19:13:31.154Z] [INFO] Built graph with 17 nodes and 11 edges in 58s
[2026-01-26T19:13:31.155Z] [INFO] Progress: 100% - Processing complete!
[2026-01-26T19:13:31.158Z] [INFO] Processing completed successfully
